<?xml version="1.0" encoding="UTF-8"?>
<!-- Generated by org.testng.reporters.JUnitReportReporter -->
<testsuite hostname="Chinmays-MacBook-Pro.local" failures="0" tests="1" name="package25.example2" time="7.586" errors="0" timestamp="10 Jul 2018 06:18:28 GMT" skipped="0">
  <testcase classname="package25.example2" name="searchTest" time="7.586"/>
</testsuite> <!-- package25.example2 -->
