<?xml version="1.0" encoding="UTF-8"?>
<!-- Generated by org.testng.reporters.JUnitReportReporter -->
<testsuite hostname="Chinmays-MacBook-Pro.local" failures="0" tests="1" name="package26Groups.example2" time="6.342" errors="0" timestamp="07 Jul 2018 13:09:09 GMT" skipped="0">
  <testcase classname="package26Groups.example2" name="searchTest" time="6.342"/>
</testsuite> <!-- package26Groups.example2 -->
