<?xml version="1.0" encoding="UTF-8"?>
<!-- Generated by org.testng.reporters.JUnitReportReporter -->
<testsuite hostname="Chinmays-MacBook-Pro.local" failures="0" tests="2" name="package26Groups.example1" time="16.560" errors="0" timestamp="07 Jul 2018 13:09:09 GMT" skipped="0">
  <testcase classname="package26Groups.example1" name="adminUser" time="6.477"/>
  <testcase classname="package26Groups.example1" name="customerUser" time="10.083"/>
</testsuite> <!-- package26Groups.example1 -->
