<?xml version="1.0" encoding="UTF-8"?>
<!-- Generated by org.testng.reporters.JUnitReportReporter -->
<testsuite hostname="Chinmays-MacBook-Pro.local" failures="0" tests="5" name="package24.partB24" time="0.014" errors="0" timestamp="07 Jul 2018 12:13:38 GMT" skipped="0">
  <testcase classname="package24.partB24" name="TestE" time="0.008"/>
  <testcase classname="package24.partB24" name="TestB" time="0.002"/>
  <testcase classname="package24.partB24" name="TestC" time="0.001"/>
  <testcase classname="package24.partB24" name="TestD" time="0.002"/>
  <testcase classname="package24.partB24" name="TestA" time="0.001"/>
</testsuite> <!-- package24.partB24 -->
