<?xml version="1.0" encoding="UTF-8"?>
<!-- Generated by org.testng.reporters.JUnitReportReporter -->
<testsuite hostname="Chinmays-MacBook-Pro.local" failures="0" tests="1" name="SampleTest1" time="5.157" errors="0" timestamp="09 Jul 2018 13:51:52 GMT" skipped="0">
  <testcase classname="SampleTest1" name="searchText" time="5.157"/>
</testsuite> <!-- SampleTest1 -->
