<?xml version="1.0" encoding="UTF-8"?>
<!-- Generated by org.testng.reporters.JUnitReportReporter -->
<testsuite hostname="Chinmays-MacBook-Pro.local" failures="0" tests="1" name="package27.package27configurationclasss" time="0.006" errors="0" timestamp="08 Jul 2018 11:15:33 GMT" skipped="0">
  <testcase classname="package27.package27configurationclasss" name="test" time="0.006"/>
</testsuite> <!-- package27.package27configurationclasss -->
