<?xml version="1.0" encoding="UTF-8"?>
<!-- Generated by org.testng.reporters.JUnitReportReporter -->
<testsuite hostname="Chinmays-MacBook-Pro.local" failures="0" tests="1" name="example2" time="3.133" errors="0" timestamp="05 Jul 2018 02:48:13 GMT" skipped="0">
  <testcase classname="example2" name="searchTest" time="3.133"/>
</testsuite> <!-- example2 -->
