<?xml version="1.0" encoding="UTF-8"?>
<!-- Generated by org.testng.reporters.JUnitReportReporter -->
<testsuite hostname="Chinmays-MacBook-Pro.local" failures="0" tests="2" name="example1" time="10.451" errors="0" timestamp="05 Jul 2018 02:48:13 GMT" skipped="0">
  <testcase classname="example1" name="customerUser" time="5.619"/>
  <testcase classname="example1" name="adminUser" time="4.832"/>
</testsuite> <!-- example1 -->
